Determining if the pthread_create exist failed with the following output:
Change Dir: /home/victor/software/v4r/build/3rdparty/ceres/downloader/ceres-prefix/src/ceres-build/CMakeFiles/CMakeTmp

Run Build Command:"/usr/bin/make" "cmTC_71376/fast"
make[3]: Entering directory '/home/victor/software/v4r/build/3rdparty/ceres/downloader/ceres-prefix/src/ceres-build/CMakeFiles/CMakeTmp'
/usr/bin/make -f CMakeFiles/cmTC_71376.dir/build.make CMakeFiles/cmTC_71376.dir/build
make[4]: Entering directory '/home/victor/software/v4r/build/3rdparty/ceres/downloader/ceres-prefix/src/ceres-build/CMakeFiles/CMakeTmp'
Building C object CMakeFiles/cmTC_71376.dir/CheckSymbolExists.c.o
/usr/bin/cc     -o CMakeFiles/cmTC_71376.dir/CheckSymbolExists.c.o   -c /home/victor/software/v4r/build/3rdparty/ceres/downloader/ceres-prefix/src/ceres-build/CMakeFiles/CMakeTmp/CheckSymbolExists.c
Linking C executable cmTC_71376
/usr/bin/cmake -E cmake_link_script CMakeFiles/cmTC_71376.dir/link.txt --verbose=1
/usr/bin/cc       CMakeFiles/cmTC_71376.dir/CheckSymbolExists.c.o  -o cmTC_71376 -rdynamic 
CMakeFiles/cmTC_71376.dir/CheckSymbolExists.c.o：在函数‘main’中：
CheckSymbolExists.c:(.text+0x16)：对‘pthread_create’未定义的引用
collect2: error: ld returned 1 exit status
CMakeFiles/cmTC_71376.dir/build.make:97: recipe for target 'cmTC_71376' failed
make[4]: *** [cmTC_71376] Error 1
make[4]: Leaving directory '/home/victor/software/v4r/build/3rdparty/ceres/downloader/ceres-prefix/src/ceres-build/CMakeFiles/CMakeTmp'
Makefile:126: recipe for target 'cmTC_71376/fast' failed
make[3]: *** [cmTC_71376/fast] Error 2
make[3]: Leaving directory '/home/victor/software/v4r/build/3rdparty/ceres/downloader/ceres-prefix/src/ceres-build/CMakeFiles/CMakeTmp'

File /home/victor/software/v4r/build/3rdparty/ceres/downloader/ceres-prefix/src/ceres-build/CMakeFiles/CMakeTmp/CheckSymbolExists.c:
/* */
#include <pthread.h>

int main(int argc, char** argv)
{
  (void)argv;
#ifndef pthread_create
  return ((int*)(&pthread_create))[argc];
#else
  (void)argc;
  return 0;
#endif
}

Determining if the function pthread_create exists in the pthreads failed with the following output:
Change Dir: /home/victor/software/v4r/build/3rdparty/ceres/downloader/ceres-prefix/src/ceres-build/CMakeFiles/CMakeTmp

Run Build Command:"/usr/bin/make" "cmTC_16f6f/fast"
make[3]: Entering directory '/home/victor/software/v4r/build/3rdparty/ceres/downloader/ceres-prefix/src/ceres-build/CMakeFiles/CMakeTmp'
/usr/bin/make -f CMakeFiles/cmTC_16f6f.dir/build.make CMakeFiles/cmTC_16f6f.dir/build
make[4]: Entering directory '/home/victor/software/v4r/build/3rdparty/ceres/downloader/ceres-prefix/src/ceres-build/CMakeFiles/CMakeTmp'
Building C object CMakeFiles/cmTC_16f6f.dir/CheckFunctionExists.c.o
/usr/bin/cc    -DCHECK_FUNCTION_EXISTS=pthread_create   -o CMakeFiles/cmTC_16f6f.dir/CheckFunctionExists.c.o   -c /usr/share/cmake-3.5/Modules/CheckFunctionExists.c
Linking C executable cmTC_16f6f
/usr/bin/cmake -E cmake_link_script CMakeFiles/cmTC_16f6f.dir/link.txt --verbose=1
/usr/bin/cc   -DCHECK_FUNCTION_EXISTS=pthread_create    CMakeFiles/cmTC_16f6f.dir/CheckFunctionExists.c.o  -o cmTC_16f6f -rdynamic -lpthreads 
/usr/bin/ld: 找不到 -lpthreads
collect2: error: ld returned 1 exit status
CMakeFiles/cmTC_16f6f.dir/build.make:97: recipe for target 'cmTC_16f6f' failed
make[4]: *** [cmTC_16f6f] Error 1
make[4]: Leaving directory '/home/victor/software/v4r/build/3rdparty/ceres/downloader/ceres-prefix/src/ceres-build/CMakeFiles/CMakeTmp'
Makefile:126: recipe for target 'cmTC_16f6f/fast' failed
make[3]: *** [cmTC_16f6f/fast] Error 2
make[3]: Leaving directory '/home/victor/software/v4r/build/3rdparty/ceres/downloader/ceres-prefix/src/ceres-build/CMakeFiles/CMakeTmp'


Determining if the include file unordered_map exists failed with the following output:
Change Dir: /home/victor/software/v4r/build/3rdparty/ceres/downloader/ceres-prefix/src/ceres-build/CMakeFiles/CMakeTmp

Run Build Command:"/usr/bin/make" "cmTC_f1dde/fast"
make[3]: Entering directory '/home/victor/software/v4r/build/3rdparty/ceres/downloader/ceres-prefix/src/ceres-build/CMakeFiles/CMakeTmp'
/usr/bin/make -f CMakeFiles/cmTC_f1dde.dir/build.make CMakeFiles/cmTC_f1dde.dir/build
make[4]: Entering directory '/home/victor/software/v4r/build/3rdparty/ceres/downloader/ceres-prefix/src/ceres-build/CMakeFiles/CMakeTmp'
Building CXX object CMakeFiles/cmTC_f1dde.dir/CheckIncludeFile.cxx.o
/usr/bin/c++     -fopenmp  -fopenmp   -o CMakeFiles/cmTC_f1dde.dir/CheckIncludeFile.cxx.o -c /home/victor/software/v4r/build/3rdparty/ceres/downloader/ceres-prefix/src/ceres-build/CMakeFiles/CMakeTmp/CheckIncludeFile.cxx
In file included from /usr/include/c++/5/unordered_map:35:0,
                 from /home/victor/software/v4r/build/3rdparty/ceres/downloader/ceres-prefix/src/ceres-build/CMakeFiles/CMakeTmp/CheckIncludeFile.cxx:1:
/usr/include/c++/5/bits/c++0x_warning.h:32:2: error: #error This file requires compiler and library support for the ISO C++ 2011 standard. This support must be enabled with the -std=c++11 or -std=gnu++11 compiler options.
 #error This file requires compiler and library support \
  ^
CMakeFiles/cmTC_f1dde.dir/build.make:65: recipe for target 'CMakeFiles/cmTC_f1dde.dir/CheckIncludeFile.cxx.o' failed
make[4]: *** [CMakeFiles/cmTC_f1dde.dir/CheckIncludeFile.cxx.o] Error 1
make[4]: Leaving directory '/home/victor/software/v4r/build/3rdparty/ceres/downloader/ceres-prefix/src/ceres-build/CMakeFiles/CMakeTmp'
Makefile:126: recipe for target 'cmTC_f1dde/fast' failed
make[3]: *** [cmTC_f1dde/fast] Error 2
make[3]: Leaving directory '/home/victor/software/v4r/build/3rdparty/ceres/downloader/ceres-prefix/src/ceres-build/CMakeFiles/CMakeTmp'


Performing C++ SOURCE FILE Test HAVE_SHARED_PTR_IN_STD_NAMESPACE failed with the following output:
Change Dir: /home/victor/software/v4r/build/3rdparty/ceres/downloader/ceres-prefix/src/ceres-build/CMakeFiles/CMakeTmp

Run Build Command:"/usr/bin/make" "cmTC_03d08/fast"
make[3]: Entering directory '/home/victor/software/v4r/build/3rdparty/ceres/downloader/ceres-prefix/src/ceres-build/CMakeFiles/CMakeTmp'
/usr/bin/make -f CMakeFiles/cmTC_03d08.dir/build.make CMakeFiles/cmTC_03d08.dir/build
make[4]: Entering directory '/home/victor/software/v4r/build/3rdparty/ceres/downloader/ceres-prefix/src/ceres-build/CMakeFiles/CMakeTmp'
Building CXX object CMakeFiles/cmTC_03d08.dir/src.cxx.o
/usr/bin/c++     -fopenmp -DHAVE_SHARED_PTR_IN_STD_NAMESPACE  -fopenmp   -o CMakeFiles/cmTC_03d08.dir/src.cxx.o -c /home/victor/software/v4r/build/3rdparty/ceres/downloader/ceres-prefix/src/ceres-build/CMakeFiles/CMakeTmp/src.cxx
/home/victor/software/v4r/build/3rdparty/ceres/downloader/ceres-prefix/src/ceres-build/CMakeFiles/CMakeTmp/src.cxx: In function ‘int main()’:
/home/victor/software/v4r/build/3rdparty/ceres/downloader/ceres-prefix/src/ceres-build/CMakeFiles/CMakeTmp/src.cxx:3:34: error: ‘shared_ptr’ is not a member of ‘std’
                                  std::shared_ptr<int> int_ptr;
                                  ^
/home/victor/software/v4r/build/3rdparty/ceres/downloader/ceres-prefix/src/ceres-build/CMakeFiles/CMakeTmp/src.cxx:3:50: error: expected primary-expression before ‘int’
                                  std::shared_ptr<int> int_ptr;
                                                  ^
CMakeFiles/cmTC_03d08.dir/build.make:65: recipe for target 'CMakeFiles/cmTC_03d08.dir/src.cxx.o' failed
make[4]: *** [CMakeFiles/cmTC_03d08.dir/src.cxx.o] Error 1
make[4]: Leaving directory '/home/victor/software/v4r/build/3rdparty/ceres/downloader/ceres-prefix/src/ceres-build/CMakeFiles/CMakeTmp'
Makefile:126: recipe for target 'cmTC_03d08/fast' failed
make[3]: *** [cmTC_03d08/fast] Error 2
make[3]: Leaving directory '/home/victor/software/v4r/build/3rdparty/ceres/downloader/ceres-prefix/src/ceres-build/CMakeFiles/CMakeTmp'

Source file was:
#include <memory>
                               int main() {
                                 std::shared_ptr<int> int_ptr;
                                 return 0;
                               }
Performing C++ SOURCE FILE Test HAVE_SHARED_PTR_IN_TR1_NAMESPACE failed with the following output:
Change Dir: /home/victor/software/v4r/build/3rdparty/ceres/downloader/ceres-prefix/src/ceres-build/CMakeFiles/CMakeTmp

Run Build Command:"/usr/bin/make" "cmTC_5478a/fast"
make[3]: Entering directory '/home/victor/software/v4r/build/3rdparty/ceres/downloader/ceres-prefix/src/ceres-build/CMakeFiles/CMakeTmp'
/usr/bin/make -f CMakeFiles/cmTC_5478a.dir/build.make CMakeFiles/cmTC_5478a.dir/build
make[4]: Entering directory '/home/victor/software/v4r/build/3rdparty/ceres/downloader/ceres-prefix/src/ceres-build/CMakeFiles/CMakeTmp'
Building CXX object CMakeFiles/cmTC_5478a.dir/src.cxx.o
/usr/bin/c++     -fopenmp -DHAVE_SHARED_PTR_IN_TR1_NAMESPACE  -fopenmp   -o CMakeFiles/cmTC_5478a.dir/src.cxx.o -c /home/victor/software/v4r/build/3rdparty/ceres/downloader/ceres-prefix/src/ceres-build/CMakeFiles/CMakeTmp/src.cxx
/home/victor/software/v4r/build/3rdparty/ceres/downloader/ceres-prefix/src/ceres-build/CMakeFiles/CMakeTmp/src.cxx: In function ‘int main()’:
/home/victor/software/v4r/build/3rdparty/ceres/downloader/ceres-prefix/src/ceres-build/CMakeFiles/CMakeTmp/src.cxx:3:41: error: ‘std::tr1’ has not been declared
                                    std::tr1::shared_ptr<int> int_ptr;
                                         ^
/home/victor/software/v4r/build/3rdparty/ceres/downloader/ceres-prefix/src/ceres-build/CMakeFiles/CMakeTmp/src.cxx:3:57: error: expected primary-expression before ‘int’
                                    std::tr1::shared_ptr<int> int_ptr;
                                                         ^
CMakeFiles/cmTC_5478a.dir/build.make:65: recipe for target 'CMakeFiles/cmTC_5478a.dir/src.cxx.o' failed
make[4]: *** [CMakeFiles/cmTC_5478a.dir/src.cxx.o] Error 1
make[4]: Leaving directory '/home/victor/software/v4r/build/3rdparty/ceres/downloader/ceres-prefix/src/ceres-build/CMakeFiles/CMakeTmp'
Makefile:126: recipe for target 'cmTC_5478a/fast' failed
make[3]: *** [cmTC_5478a/fast] Error 2
make[3]: Leaving directory '/home/victor/software/v4r/build/3rdparty/ceres/downloader/ceres-prefix/src/ceres-build/CMakeFiles/CMakeTmp'

Source file was:
#include <memory>
                                 int main() {
                                   std::tr1::shared_ptr<int> int_ptr;
                                   return 0;
                                 }
